#
# A fatal error has been detected by the Java Runtime Environment:
#
#  Internal Error (javaClasses.cpp:136), pid=5396, tid=4236
#  fatal error: Invalid layout of preloaded class
#
# JRE version:  (7.0_51-b13) (build )
# Java VM: Java HotSpot(TM) Client VM (24.51-b03 mixed mode windows-x86 )
# Failed to write core dump. Minidumps are not enabled by default on client versions of Windows
#
# If you would like to submit a bug report, please visit:
#   http://bugreport.sun.com/bugreport/crash.jsp
#

---------------  T H R E A D  ---------------

Current thread (0x005fb800):  JavaThread "Unknown thread" [_thread_in_vm, id=4236, stack(0x003c0000,0x00410000)]

Stack: [0x003c0000,0x00410000],  sp=0x0040f898,  free space=318k
Native frames: (J=compiled Java code, j=interpreted, Vv=VM code, C=native code)
V  [jvm.dll+0x18e0f1]
V  [jvm.dll+0x187e66]
V  [jvm.dll+0x3586a]
V  [jvm.dll+0x358f6]
V  [jvm.dll+0x4400d]
V  [jvm.dll+0x442be]
V  [jvm.dll+0x9263a]
V  [jvm.dll+0x929eb]
V  [jvm.dll+0x13dc51]
V  [jvm.dll+0x16076c]
V  [jvm.dll+0xc8ebf]
C  [javaw.exe+0x13ce]
C  [javaw.exe+0x1e40]
C  [javaw.exe+0xa5b1]
C  [javaw.exe+0xa63b]
C  [KERNEL32.DLL+0x2850d]
C  [ntdll.dll+0x5bf39]
C  [ntdll.dll+0x5bf0c]


---------------  P R O C E S S  ---------------

Java Threads: ( => current thread )

Other Threads:

=>0x005fb800 (exited) JavaThread "Unknown thread" [_thread_in_vm, id=4236, stack(0x003c0000,0x00410000)]

VM state:not at safepoint (not fully initialized)

VM Mutex/Monitor currently owned by a thread: None

GC Heap History (0 events):
No events

Deoptimization events (0 events):
No events

Internal exceptions (0 events):
No events

Events (10 events):
Event: 0.010 loading class 0x0096a908 done
Event: 0.010 loading class 0x0096a398 done
Event: 0.010 loading class 0x0096a378
Event: 0.010 loading class 0x009716a0
Event: 0.010 loading class 0x009716a0 done
Event: 0.010 loading class 0x009716d0
Event: 0.010 loading class 0x009716d0 done
Event: 0.010 loading class 0x00971700
Event: 0.010 loading class 0x00971700 done
Event: 0.010 loading class 0x0096a378 done


Dynamic libraries:
0x00f50000 - 0x00f7f000 	C:\Program Files (x86)\Java\jre7\bin\javaw.exe
0x776b0000 - 0x77807000 	C:\Windows\SYSTEM32\ntdll.dll
0x76e30000 - 0x76f60000 	C:\Windows\SYSTEM32\KERNEL32.DLL
0x775a0000 - 0x77646000 	C:\Windows\SYSTEM32\KERNELBASE.dll
0x766e0000 - 0x7678e000 	C:\Windows\SYSTEM32\ADVAPI32.dll
0x76470000 - 0x76586000 	C:\Windows\SYSTEM32\USER32.dll
0x72e70000 - 0x73068000 	C:\Windows\WinSxS\x86_microsoft.windows.common-controls_6595b64144ccf1df_6.0.9200.16579_none_8937eec6860750f5\COMCTL32.dll
0x77120000 - 0x771d1000 	C:\Windows\SYSTEM32\msvcrt.dll
0x760b0000 - 0x760e4000 	C:\Windows\SYSTEM32\sechost.dll
0x77330000 - 0x773dc000 	C:\Windows\SYSTEM32\RPCRT4.dll
0x75e80000 - 0x75f7d000 	C:\Windows\SYSTEM32\GDI32.dll
0x74ce0000 - 0x74cfc000 	C:\Windows\SYSTEM32\SspiCli.dll
0x74cd0000 - 0x74cd9000 	C:\Windows\SYSTEM32\CRYPTBASE.dll
0x74c70000 - 0x74cc1000 	C:\Windows\SYSTEM32\bcryptPrimitives.dll
0x762d0000 - 0x762f0000 	C:\Windows\system32\IMM32.DLL
0x76600000 - 0x766de000 	C:\Windows\SYSTEM32\MSCTF.dll
0x61b10000 - 0x61bcf000 	C:\Program Files (x86)\Java\jre7\bin\msvcr100.dll
0x6a680000 - 0x6aa00000 	C:\Program Files (x86)\Java\jre7\bin\client\jvm.dll
0x746b0000 - 0x746b8000 	C:\Windows\SYSTEM32\WSOCK32.dll
0x74680000 - 0x746a1000 	C:\Windows\SYSTEM32\WINMM.dll
0x74d10000 - 0x74d16000 	C:\Windows\SYSTEM32\PSAPI.DLL
0x771e0000 - 0x77230000 	C:\Windows\SYSTEM32\WS2_32.dll
0x74650000 - 0x7467b000 	C:\Windows\SYSTEM32\WINMMBASE.dll
0x76590000 - 0x76598000 	C:\Windows\SYSTEM32\NSI.dll
0x773e0000 - 0x77426000 	C:\Windows\SYSTEM32\cfgmgr32.dll
0x772b0000 - 0x772ce000 	C:\Windows\SYSTEM32\DEVOBJ.dll
0x71450000 - 0x7145c000 	C:\Program Files (x86)\Java\jre7\bin\verify.dll
0x71430000 - 0x71450000 	C:\Program Files (x86)\Java\jre7\bin\java.dll
0x71410000 - 0x71423000 	C:\Program Files (x86)\Java\jre7\bin\zip.dll
0x726f0000 - 0x72819000 	C:\Windows\SYSTEM32\dbghelp.dll

VM Arguments:
jvm_args: -Dfile.encoding=Cp1251 -Xbootclasspath:G:\adt\sdk\platforms\android-19\android.jar 
java_command: com.cyber.kinoost.DatabaseConfigUtil
Launcher Type: SUN_STANDARD

Environment Variables:
CLASSPATH=.;C:\Program Files (x86)\QuickTime\QTSystem\QTJava.zip
PATH=C:/Program Files (x86)/Java/jre7/bin/client;C:/Program Files (x86)/Java/jre7/bin;C:/Program Files (x86)/Java/jre7/lib/i386;C:\Windows\system32;C:\Windows;C:\Windows\System32\Wbem;C:\Windows\System32\WindowsPowerShell\v1.0\;C:\Program Files (x86)\MiKTeX 2.9\miktex\bin\;C:\Program Files (x86)\QuickTime\QTSystem\;C:\Program Files\TortoiseHg\;C:\Program Files\TortoiseGit\bin;G:\adt\eclipse;
USERNAME=Grisha
OS=Windows_NT
PROCESSOR_IDENTIFIER=Intel64 Family 6 Model 58 Stepping 9, GenuineIntel



---------------  S Y S T E M  ---------------

OS: Windows 8 , 64 bit Build 9200 

CPU:total 4 (2 cores per cpu, 2 threads per core) family 6 model 58 stepping 9, cmov, cx8, fxsr, mmx, sse, sse2, sse3, ssse3, sse4.1, sse4.2, popcnt, avx, erms, ht, tsc, tscinvbit, tscinv

Memory: 4k page, physical 12277224k(8658500k free), swap 14046700k(10028108k free)

vm_info: Java HotSpot(TM) Client VM (24.51-b03) for windows-x86 JRE (1.7.0_51-b13), built on Dec 18 2013 19:09:58 by "java_re" with unknown MS VC++:1600

time: Wed Feb 26 00:31:07 2014
elapsed time: 0 seconds

